2015/03/02 17:39:00 [error] [exception.CException] exception 'CException' with message 'CAssetManager.basePath "/opt/lampp/htdocs/IQ/assets" is invalid. Please make sure the directory exists and is writable by the Web server process.' in /opt/lampp/htdocs/IQ/framework/web/CAssetManager.php:138
Stack trace:
#0 /opt/lampp/htdocs/IQ/framework/web/CAssetManager.php(123): CAssetManager->setBasePath('/opt/lampp/htdo...')
#1 /opt/lampp/htdocs/IQ/framework/web/CAssetManager.php(217): CAssetManager->getBasePath()
#2 /opt/lampp/htdocs/IQ/framework/web/CClientScript.php(511): CAssetManager->publish('/opt/lampp/htdo...')
#3 /opt/lampp/htdocs/IQ/framework/web/CClientScript.php(548): CClientScript->getCoreScriptUrl()
#4 /opt/lampp/htdocs/IQ/framework/web/CClientScript.php(349): CClientScript->getPackageBaseUrl('jquery')
#5 /opt/lampp/htdocs/IQ/framework/web/CClientScript.php(208): CClientScript->renderCoreScripts()
#6 /opt/lampp/htdocs/IQ/framework/web/CController.php(351): CClientScript->render('<!DOCTYPE html>...')
#7 /opt/lampp/htdocs/IQ/framework/web/CController.php(788): CController->processOutput('<!DOCTYPE html>...')
#8 /opt/lampp/htdocs/IQ/protected/controllers/SiteController.php(72): CController->render('contact', Array)
#9 /opt/lampp/htdocs/IQ/framework/web/actions/CInlineAction.php(49): SiteController->actionContact()
#10 /opt/lampp/htdocs/IQ/framework/web/CController.php(308): CInlineAction->runWithParams(Array)
#11 /opt/lampp/htdocs/IQ/framework/web/CController.php(286): CController->runAction(Object(CInlineAction))
#12 /opt/lampp/htdocs/IQ/framework/web/CController.php(265): CController->runActionWithFilters(Object(CInlineAction), Array)
#13 /opt/lampp/htdocs/IQ/framework/web/CWebApplication.php(282): CController->run('contact')
#14 /opt/lampp/htdocs/IQ/framework/web/CWebApplication.php(141): CWebApplication->runController('site/contact')
#15 /opt/lampp/htdocs/IQ/framework/base/CApplication.php(184): CWebApplication->processRequest()
#16 /opt/lampp/htdocs/IQ/index.php(13): CApplication->run()
#17 {main}
REQUEST_URI=/IQ/index.php?r=site/contact
HTTP_REFERER=http://localhost/IQ/
---
2015/03/02 17:40:14 [error] [exception.CException] exception 'CException' with message 'CAssetManager.basePath "/opt/lampp/htdocs/IQ/assets" is invalid. Please make sure the directory exists and is writable by the Web server process.' in /opt/lampp/htdocs/IQ/framework/web/CAssetManager.php:138
Stack trace:
#0 /opt/lampp/htdocs/IQ/framework/web/CAssetManager.php(123): CAssetManager->setBasePath('/opt/lampp/htdo...')
#1 /opt/lampp/htdocs/IQ/framework/web/CAssetManager.php(217): CAssetManager->getBasePath()
#2 /opt/lampp/htdocs/IQ/framework/web/CClientScript.php(511): CAssetManager->publish('/opt/lampp/htdo...')
#3 /opt/lampp/htdocs/IQ/framework/web/CClientScript.php(548): CClientScript->getCoreScriptUrl()
#4 /opt/lampp/htdocs/IQ/framework/web/CClientScript.php(349): CClientScript->getPackageBaseUrl('jquery')
#5 /opt/lampp/htdocs/IQ/framework/web/CClientScript.php(208): CClientScript->renderCoreScripts()
#6 /opt/lampp/htdocs/IQ/framework/web/CController.php(351): CClientScript->render('<!DOCTYPE html>...')
#7 /opt/lampp/htdocs/IQ/framework/web/CController.php(788): CController->processOutput('<!DOCTYPE html>...')
#8 /opt/lampp/htdocs/IQ/protected/controllers/SiteController.php(72): CController->render('contact', Array)
#9 /opt/lampp/htdocs/IQ/framework/web/actions/CInlineAction.php(49): SiteController->actionContact()
#10 /opt/lampp/htdocs/IQ/framework/web/CController.php(308): CInlineAction->runWithParams(Array)
#11 /opt/lampp/htdocs/IQ/framework/web/CController.php(286): CController->runAction(Object(CInlineAction))
#12 /opt/lampp/htdocs/IQ/framework/web/CController.php(265): CController->runActionWithFilters(Object(CInlineAction), Array)
#13 /opt/lampp/htdocs/IQ/framework/web/CWebApplication.php(282): CController->run('contact')
#14 /opt/lampp/htdocs/IQ/framework/web/CWebApplication.php(141): CWebApplication->runController('site/contact')
#15 /opt/lampp/htdocs/IQ/framework/base/CApplication.php(184): CWebApplication->processRequest()
#16 /opt/lampp/htdocs/IQ/index.php(13): CApplication->run()
#17 {main}
REQUEST_URI=/IQ/index.php?r=site/contact
HTTP_REFERER=http://localhost/IQ/
---
2015/03/02 17:40:16 [error] [exception.CException] exception 'CException' with message 'CAssetManager.basePath "/opt/lampp/htdocs/IQ/assets" is invalid. Please make sure the directory exists and is writable by the Web server process.' in /opt/lampp/htdocs/IQ/framework/web/CAssetManager.php:138
Stack trace:
#0 /opt/lampp/htdocs/IQ/framework/web/CAssetManager.php(123): CAssetManager->setBasePath('/opt/lampp/htdo...')
#1 /opt/lampp/htdocs/IQ/framework/web/CAssetManager.php(217): CAssetManager->getBasePath()
#2 /opt/lampp/htdocs/IQ/framework/web/CClientScript.php(511): CAssetManager->publish('/opt/lampp/htdo...')
#3 /opt/lampp/htdocs/IQ/framework/web/CClientScript.php(548): CClientScript->getCoreScriptUrl()
#4 /opt/lampp/htdocs/IQ/framework/web/CClientScript.php(349): CClientScript->getPackageBaseUrl('jquery')
#5 /opt/lampp/htdocs/IQ/framework/web/CClientScript.php(208): CClientScript->renderCoreScripts()
#6 /opt/lampp/htdocs/IQ/framework/web/CController.php(351): CClientScript->render('<!DOCTYPE html>...')
#7 /opt/lampp/htdocs/IQ/framework/web/CController.php(788): CController->processOutput('<!DOCTYPE html>...')
#8 /opt/lampp/htdocs/IQ/protected/controllers/SiteController.php(72): CController->render('contact', Array)
#9 /opt/lampp/htdocs/IQ/framework/web/actions/CInlineAction.php(49): SiteController->actionContact()
#10 /opt/lampp/htdocs/IQ/framework/web/CController.php(308): CInlineAction->runWithParams(Array)
#11 /opt/lampp/htdocs/IQ/framework/web/CController.php(286): CController->runAction(Object(CInlineAction))
#12 /opt/lampp/htdocs/IQ/framework/web/CController.php(265): CController->runActionWithFilters(Object(CInlineAction), Array)
#13 /opt/lampp/htdocs/IQ/framework/web/CWebApplication.php(282): CController->run('contact')
#14 /opt/lampp/htdocs/IQ/framework/web/CWebApplication.php(141): CWebApplication->runController('site/contact')
#15 /opt/lampp/htdocs/IQ/framework/base/CApplication.php(184): CWebApplication->processRequest()
#16 /opt/lampp/htdocs/IQ/index.php(13): CApplication->run()
#17 {main}
REQUEST_URI=/IQ/index.php?r=site/contact
HTTP_REFERER=http://localhost/IQ/
---
2015/03/02 17:40:52 [error] [exception.CException] exception 'CException' with message 'CAssetManager.basePath "/opt/lampp/htdocs/IQ/assets" is invalid. Please make sure the directory exists and is writable by the Web server process.' in /opt/lampp/htdocs/IQ/framework/web/CAssetManager.php:138
Stack trace:
#0 /opt/lampp/htdocs/IQ/framework/web/CAssetManager.php(123): CAssetManager->setBasePath('/opt/lampp/htdo...')
#1 /opt/lampp/htdocs/IQ/framework/web/CAssetManager.php(217): CAssetManager->getBasePath()
#2 /opt/lampp/htdocs/IQ/framework/web/CClientScript.php(511): CAssetManager->publish('/opt/lampp/htdo...')
#3 /opt/lampp/htdocs/IQ/framework/web/CClientScript.php(548): CClientScript->getCoreScriptUrl()
#4 /opt/lampp/htdocs/IQ/framework/web/CClientScript.php(349): CClientScript->getPackageBaseUrl('jquery')
#5 /opt/lampp/htdocs/IQ/framework/web/CClientScript.php(208): CClientScript->renderCoreScripts()
#6 /opt/lampp/htdocs/IQ/framework/web/CController.php(351): CClientScript->render('<!DOCTYPE html>...')
#7 /opt/lampp/htdocs/IQ/framework/web/CController.php(788): CController->processOutput('<!DOCTYPE html>...')
#8 /opt/lampp/htdocs/IQ/protected/controllers/SiteController.php(72): CController->render('contact', Array)
#9 /opt/lampp/htdocs/IQ/framework/web/actions/CInlineAction.php(49): SiteController->actionContact()
#10 /opt/lampp/htdocs/IQ/framework/web/CController.php(308): CInlineAction->runWithParams(Array)
#11 /opt/lampp/htdocs/IQ/framework/web/CController.php(286): CController->runAction(Object(CInlineAction))
#12 /opt/lampp/htdocs/IQ/framework/web/CController.php(265): CController->runActionWithFilters(Object(CInlineAction), Array)
#13 /opt/lampp/htdocs/IQ/framework/web/CWebApplication.php(282): CController->run('contact')
#14 /opt/lampp/htdocs/IQ/framework/web/CWebApplication.php(141): CWebApplication->runController('site/contact')
#15 /opt/lampp/htdocs/IQ/framework/base/CApplication.php(184): CWebApplication->processRequest()
#16 /opt/lampp/htdocs/IQ/index.php(13): CApplication->run()
#17 {main}
REQUEST_URI=/IQ/index.php?r=site/contact
HTTP_REFERER=http://localhost/IQ/
---
2015/03/02 17:40:53 [error] [exception.CException] exception 'CException' with message 'CAssetManager.basePath "/opt/lampp/htdocs/IQ/assets" is invalid. Please make sure the directory exists and is writable by the Web server process.' in /opt/lampp/htdocs/IQ/framework/web/CAssetManager.php:138
Stack trace:
#0 /opt/lampp/htdocs/IQ/framework/web/CAssetManager.php(123): CAssetManager->setBasePath('/opt/lampp/htdo...')
#1 /opt/lampp/htdocs/IQ/framework/web/CAssetManager.php(217): CAssetManager->getBasePath()
#2 /opt/lampp/htdocs/IQ/framework/web/CClientScript.php(511): CAssetManager->publish('/opt/lampp/htdo...')
#3 /opt/lampp/htdocs/IQ/framework/web/CClientScript.php(548): CClientScript->getCoreScriptUrl()
#4 /opt/lampp/htdocs/IQ/framework/web/CClientScript.php(349): CClientScript->getPackageBaseUrl('jquery')
#5 /opt/lampp/htdocs/IQ/framework/web/CClientScript.php(208): CClientScript->renderCoreScripts()
#6 /opt/lampp/htdocs/IQ/framework/web/CController.php(351): CClientScript->render('<!DOCTYPE html>...')
#7 /opt/lampp/htdocs/IQ/framework/web/CController.php(788): CController->processOutput('<!DOCTYPE html>...')
#8 /opt/lampp/htdocs/IQ/protected/controllers/SiteController.php(72): CController->render('contact', Array)
#9 /opt/lampp/htdocs/IQ/framework/web/actions/CInlineAction.php(49): SiteController->actionContact()
#10 /opt/lampp/htdocs/IQ/framework/web/CController.php(308): CInlineAction->runWithParams(Array)
#11 /opt/lampp/htdocs/IQ/framework/web/CController.php(286): CController->runAction(Object(CInlineAction))
#12 /opt/lampp/htdocs/IQ/framework/web/CController.php(265): CController->runActionWithFilters(Object(CInlineAction), Array)
#13 /opt/lampp/htdocs/IQ/framework/web/CWebApplication.php(282): CController->run('contact')
#14 /opt/lampp/htdocs/IQ/framework/web/CWebApplication.php(141): CWebApplication->runController('site/contact')
#15 /opt/lampp/htdocs/IQ/framework/base/CApplication.php(184): CWebApplication->processRequest()
#16 /opt/lampp/htdocs/IQ/index.php(13): CApplication->run()
#17 {main}
REQUEST_URI=/IQ/index.php?r=site/contact
HTTP_REFERER=http://localhost/IQ/
---
2015/03/02 17:40:53 [error] [exception.CException] exception 'CException' with message 'CAssetManager.basePath "/opt/lampp/htdocs/IQ/assets" is invalid. Please make sure the directory exists and is writable by the Web server process.' in /opt/lampp/htdocs/IQ/framework/web/CAssetManager.php:138
Stack trace:
#0 /opt/lampp/htdocs/IQ/framework/web/CAssetManager.php(123): CAssetManager->setBasePath('/opt/lampp/htdo...')
#1 /opt/lampp/htdocs/IQ/framework/web/CAssetManager.php(217): CAssetManager->getBasePath()
#2 /opt/lampp/htdocs/IQ/framework/web/CClientScript.php(511): CAssetManager->publish('/opt/lampp/htdo...')
#3 /opt/lampp/htdocs/IQ/framework/web/CClientScript.php(548): CClientScript->getCoreScriptUrl()
#4 /opt/lampp/htdocs/IQ/framework/web/CClientScript.php(349): CClientScript->getPackageBaseUrl('jquery')
#5 /opt/lampp/htdocs/IQ/framework/web/CClientScript.php(208): CClientScript->renderCoreScripts()
#6 /opt/lampp/htdocs/IQ/framework/web/CController.php(351): CClientScript->render('<!DOCTYPE html>...')
#7 /opt/lampp/htdocs/IQ/framework/web/CController.php(788): CController->processOutput('<!DOCTYPE html>...')
#8 /opt/lampp/htdocs/IQ/protected/controllers/SiteController.php(72): CController->render('contact', Array)
#9 /opt/lampp/htdocs/IQ/framework/web/actions/CInlineAction.php(49): SiteController->actionContact()
#10 /opt/lampp/htdocs/IQ/framework/web/CController.php(308): CInlineAction->runWithParams(Array)
#11 /opt/lampp/htdocs/IQ/framework/web/CController.php(286): CController->runAction(Object(CInlineAction))
#12 /opt/lampp/htdocs/IQ/framework/web/CController.php(265): CController->runActionWithFilters(Object(CInlineAction), Array)
#13 /opt/lampp/htdocs/IQ/framework/web/CWebApplication.php(282): CController->run('contact')
#14 /opt/lampp/htdocs/IQ/framework/web/CWebApplication.php(141): CWebApplication->runController('site/contact')
#15 /opt/lampp/htdocs/IQ/framework/base/CApplication.php(184): CWebApplication->processRequest()
#16 /opt/lampp/htdocs/IQ/index.php(13): CApplication->run()
#17 {main}
REQUEST_URI=/IQ/index.php?r=site/contact
HTTP_REFERER=http://localhost/IQ/
---
2015/03/02 17:41:26 [error] [exception.CException] exception 'CException' with message 'CAssetManager.basePath "/opt/lampp/htdocs/IQ/assets" is invalid. Please make sure the directory exists and is writable by the Web server process.' in /opt/lampp/htdocs/IQ/framework/web/CAssetManager.php:138
Stack trace:
#0 /opt/lampp/htdocs/IQ/framework/web/CAssetManager.php(123): CAssetManager->setBasePath('/opt/lampp/htdo...')
#1 /opt/lampp/htdocs/IQ/framework/web/CAssetManager.php(217): CAssetManager->getBasePath()
#2 /opt/lampp/htdocs/IQ/framework/web/CClientScript.php(511): CAssetManager->publish('/opt/lampp/htdo...')
#3 /opt/lampp/htdocs/IQ/framework/web/CClientScript.php(548): CClientScript->getCoreScriptUrl()
#4 /opt/lampp/htdocs/IQ/framework/web/CClientScript.php(349): CClientScript->getPackageBaseUrl('jquery')
#5 /opt/lampp/htdocs/IQ/framework/web/CClientScript.php(208): CClientScript->renderCoreScripts()
#6 /opt/lampp/htdocs/IQ/framework/web/CController.php(351): CClientScript->render('<!DOCTYPE html>...')
#7 /opt/lampp/htdocs/IQ/framework/web/CController.php(788): CController->processOutput('<!DOCTYPE html>...')
#8 /opt/lampp/htdocs/IQ/protected/controllers/SiteController.php(72): CController->render('contact', Array)
#9 /opt/lampp/htdocs/IQ/framework/web/actions/CInlineAction.php(49): SiteController->actionContact()
#10 /opt/lampp/htdocs/IQ/framework/web/CController.php(308): CInlineAction->runWithParams(Array)
#11 /opt/lampp/htdocs/IQ/framework/web/CController.php(286): CController->runAction(Object(CInlineAction))
#12 /opt/lampp/htdocs/IQ/framework/web/CController.php(265): CController->runActionWithFilters(Object(CInlineAction), Array)
#13 /opt/lampp/htdocs/IQ/framework/web/CWebApplication.php(282): CController->run('contact')
#14 /opt/lampp/htdocs/IQ/framework/web/CWebApplication.php(141): CWebApplication->runController('site/contact')
#15 /opt/lampp/htdocs/IQ/framework/base/CApplication.php(184): CWebApplication->processRequest()
#16 /opt/lampp/htdocs/IQ/index.php(13): CApplication->run()
#17 {main}
REQUEST_URI=/IQ/index.php?r=site/contact
HTTP_REFERER=http://localhost/IQ/
---
2015/03/02 19:02:09 [error] [exception.CException] exception 'CException' with message 'CAssetManager.basePath "/opt/lampp/htdocs/IQ/assets" is invalid. Please make sure the directory exists and is writable by the Web server process.' in /opt/lampp/htdocs/IQ/framework/web/CAssetManager.php:138
Stack trace:
#0 /opt/lampp/htdocs/IQ/framework/web/CAssetManager.php(123): CAssetManager->setBasePath('/opt/lampp/htdo...')
#1 /opt/lampp/htdocs/IQ/framework/web/CAssetManager.php(217): CAssetManager->getBasePath()
#2 /opt/lampp/htdocs/IQ/framework/web/CClientScript.php(511): CAssetManager->publish('/opt/lampp/htdo...')
#3 /opt/lampp/htdocs/IQ/framework/web/CClientScript.php(548): CClientScript->getCoreScriptUrl()
#4 /opt/lampp/htdocs/IQ/framework/web/CClientScript.php(349): CClientScript->getPackageBaseUrl('jquery')
#5 /opt/lampp/htdocs/IQ/framework/web/CClientScript.php(208): CClientScript->renderCoreScripts()
#6 /opt/lampp/htdocs/IQ/framework/web/CController.php(351): CClientScript->render('<!DOCTYPE html>...')
#7 /opt/lampp/htdocs/IQ/framework/web/CController.php(788): CController->processOutput('<!DOCTYPE html>...')
#8 /opt/lampp/htdocs/IQ/protected/controllers/SiteController.php(72): CController->render('contact', Array)
#9 /opt/lampp/htdocs/IQ/framework/web/actions/CInlineAction.php(49): SiteController->actionContact()
#10 /opt/lampp/htdocs/IQ/framework/web/CController.php(308): CInlineAction->runWithParams(Array)
#11 /opt/lampp/htdocs/IQ/framework/web/CController.php(286): CController->runAction(Object(CInlineAction))
#12 /opt/lampp/htdocs/IQ/framework/web/CController.php(265): CController->runActionWithFilters(Object(CInlineAction), Array)
#13 /opt/lampp/htdocs/IQ/framework/web/CWebApplication.php(282): CController->run('contact')
#14 /opt/lampp/htdocs/IQ/framework/web/CWebApplication.php(141): CWebApplication->runController('site/contact')
#15 /opt/lampp/htdocs/IQ/framework/base/CApplication.php(184): CWebApplication->processRequest()
#16 /opt/lampp/htdocs/IQ/index.php(13): CApplication->run()
#17 {main}
REQUEST_URI=/IQ/index.php?r=site/contact
---
